[Fri Mar  6 09:10:16 UTC 2026] ===== Iniciando contenedor Next.js (static export) + Nginx =====
[Fri Mar  6 09:10:16 UTC 2026] Preparando Next.js en /root/admin/node_next/next-pokeapi
[Fri Mar  6 09:10:16 UTC 2026] Instalando dependencias...

added 21 packages, and audited 22 packages in 37s

3 packages are looking for funding
  run `npm fund` for details

1 high severity vulnerability

To address all issues (including breaking changes), run:
  npm audit fix --force

Run `npm audit` for details.
npm notice
npm notice New major version of npm available! 10.8.2 -> 11.11.0
npm notice Changelog: https://github.com/npm/cli/releases/tag/v11.11.0
npm notice To update run: npm install -g npm@11.11.0
npm notice
[Fri Mar  6 09:10:54 UTC 2026] Compilando Next.js (static export)...

> pokemon-next@1.0.0 build
> next build

Attention: Next.js now collects completely anonymous telemetry regarding usage.
This information is used to shape Next.js' roadmap and prioritize features.
You can learn more, including how to opt-out if you'd not like to participate in this anonymous program, by visiting the following URL:
https://nextjs.org/telemetry

  ▲ Next.js 14.2.35

   Creating an optimized production build ...
 ✓ Compiled successfully
   Linting and checking validity of types ...
   Collecting page data ...
   Generating static pages (0/4) ...
   Generating static pages (1/4) 
   Generating static pages (2/4) 
   Generating static pages (3/4) 
 ✓ Generating static pages (4/4)
   Finalizing page optimization ...
   Collecting build traces ...

Route (app)                              Size     First Load JS
┌ ○ /                                    2.12 kB        89.5 kB
└ ○ /_not-found                          873 B          88.3 kB
+ First Load JS shared by all            87.4 kB
  ├ chunks/117-373243894bd7fac6.js       31.9 kB
  ├ chunks/fd9d1056-9f91b5e418130764.js  53.6 kB
  └ other shared chunks (total)          1.92 kB


○  (Static)  prerendered as static content

[Fri Mar  6 09:12:31 UTC 2026] ✓ Directorio 'out/' encontrado, copiando a /var/www/html/
[Fri Mar  6 09:12:31 UTC 2026] ✓ Archivos estáticos copiados correctamente
[Fri Mar  6 09:12:31 UTC 2026] Configurando Nginx para servir archivos estáticos
[Fri Mar  6 09:12:31 UTC 2026] Validando configuración de Nginx...
nginx: the configuration file /etc/nginx/nginx.conf syntax is ok
nginx: configuration file /etc/nginx/nginx.conf test is successful
[Fri Mar  6 09:12:31 UTC 2026] ✓ Configuración de Nginx validada
[Fri Mar  6 09:12:31 UTC 2026] Iniciando Nginx en puerto 80 (daemon off)
[Fri Mar  6 09:12:31 UTC 2026] ===== Contenedor completamente operacional =====
